<?xml version="1.0" encoding="UTF-8"?>
<!-- Generated by org.testng.reporters.JUnitXMLReporter -->
<testsuite ignored="0" hostname="DESKTOP-T56KU8U" failures="0" tests="4" name="Test" time="10.019" errors="0" timestamp="2024-09-01T14:58:53 EDT">
  <testcase classname="com.neotech.lesson01.Homework01" name="negativeLoginTest" time="5.319"/>
  <testcase classname="com.neotech.lesson01.TestNGDemo" name="testOne" time="0.002"/>
  <testcase classname="com.neotech.lesson01.TestNGDemo" name="testThree" time="0.001"/>
  <testcase classname="com.neotech.lesson01.TestNGDemo" name="testTwo" time="0.0"/>
</testsuite> <!-- Test -->
